# JRE version: Java(TM) SE Runtime Environment (8.0_131-b11) (build 1.8.0_131-b11)
# Java VM: Java HotSpot(TM) 64-Bit Server VM (25.131-b11 mixed mode windows-amd64 compressed oops)
Heap:
 PSYoungGen      total 284672K, used 27315K [0x0000000715c00000, 0x0000000728700000, 0x00000007c0000000)
  eden space 263168K, 10% used [0x0000000715c00000,0x00000007176ace88,0x0000000725d00000)
  from space 21504K, 0% used [0x0000000725d00000,0x0000000725d00000,0x0000000727200000)
  to   space 21504K, 0% used [0x0000000727200000,0x0000000727200000,0x0000000728700000)
 ParOldGen       total 223744K, used 19164K [0x00000005c1400000, 0x00000005cee80000, 0x0000000715c00000)
  object space 223744K, 8% used [0x00000005c1400000,0x00000005c26b7300,0x00000005cee80000)
 Metaspace       used 22073K, capacity 22630K, committed 22960K, reserved 1069056K
  class space    used 2579K, capacity 2719K, committed 2816K, reserved 1048576K
GC Heap History (8 events):
Event: 3.907 GC heap before
{Heap before GC invocations=1 (full 0):
 PSYoungGen      total 153088K, used 131584K [0x0000000715c00000, 0x0000000720680000, 0x00000007c0000000)
  eden space 131584K, 100% used [0x0000000715c00000,0x000000071dc80000,0x000000071dc80000)
  from space 21504K, 0% used [0x000000071f180000,0x000000071f180000,0x0000000720680000)
  to   space 21504K, 0% used [0x000000071dc80000,0x000000071dc80000,0x000000071f180000)
 ParOldGen       total 349696K, used 0K [0x00000005c1400000, 0x00000005d6980000, 0x0000000715c00000)
  object space 349696K, 0% used [0x00000005c1400000,0x00000005c1400000,0x00000005d6980000)
 Metaspace       used 15104K, capacity 15392K, committed 15488K, reserved 1062912K
  class space    used 1827K, capacity 1914K, committed 1920K, reserved 1048576K
Event: 3.974 GC heap after
Heap after GC invocations=1 (full 0):
 PSYoungGen      total 153088K, used 19732K [0x0000000715c00000, 0x0000000728700000, 0x00000007c0000000)
  eden space 131584K, 0% used [0x0000000715c00000,0x0000000715c00000,0x000000071dc80000)
  from space 21504K, 91% used [0x000000071dc80000,0x000000071efc5128,0x000000071f180000)
  to   space 21504K, 0% used [0x0000000727200000,0x0000000727200000,0x0000000728700000)
 ParOldGen       total 349696K, used 8K [0x00000005c1400000, 0x00000005d6980000, 0x0000000715c00000)
  object space 349696K, 0% used [0x00000005c1400000,0x00000005c1402000,0x00000005d6980000)
 Metaspace       used 15104K, capacity 15392K, committed 15488K, reserved 1062912K
  class space    used 1827K, capacity 1914K, committed 1920K, reserved 1048576K
}
Event: 6.400 GC heap before
{Heap before GC invocations=2 (full 0):
 PSYoungGen      total 153088K, used 151316K [0x0000000715c00000, 0x0000000728700000, 0x00000007c0000000)
  eden space 131584K, 100% used [0x0000000715c00000,0x000000071dc80000,0x000000071dc80000)
  from space 21504K, 91% used [0x000000071dc80000,0x000000071efc5128,0x000000071f180000)
  to   space 21504K, 0% used [0x0000000727200000,0x0000000727200000,0x0000000728700000)
 ParOldGen       total 349696K, used 8K [0x00000005c1400000, 0x00000005d6980000, 0x0000000715c00000)
  object space 349696K, 0% used [0x00000005c1400000,0x00000005c1402000,0x00000005d6980000)
 Metaspace       used 17301K, capacity 17690K, committed 17792K, reserved 1064960K
  class space    used 1997K, capacity 2093K, committed 2176K, reserved 1048576K
Event: 6.422 GC heap after
Heap after GC invocations=2 (full 0):
 PSYoungGen      total 284672K, used 19296K [0x0000000715c00000, 0x0000000728700000, 0x00000007c0000000)
  eden space 263168K, 0% used [0x0000000715c00000,0x0000000715c00000,0x0000000725d00000)
  from space 21504K, 89% used [0x0000000727200000,0x00000007284d81b8,0x0000000728700000)
  to   space 21504K, 0% used [0x0000000725d00000,0x0000000725d00000,0x0000000727200000)
 ParOldGen       total 349696K, used 32K [0x00000005c1400000, 0x00000005d6980000, 0x0000000715c00000)
  object space 349696K, 0% used [0x00000005c1400000,0x00000005c1408000,0x00000005d6980000)
 Metaspace       used 17301K, capacity 17690K, committed 17792K, reserved 1064960K
  class space    used 1997K, capacity 2093K, committed 2176K, reserved 1048576K
}
Event: 7.350 GC heap before
{Heap before GC invocations=3 (full 0):
 PSYoungGen      total 284672K, used 92692K [0x0000000715c00000, 0x0000000728700000, 0x00000007c0000000)
  eden space 263168K, 27% used [0x0000000715c00000,0x000000071a3ace80,0x0000000725d00000)
  from space 21504K, 89% used [0x0000000727200000,0x00000007284d81b8,0x0000000728700000)
  to   space 21504K, 0% used [0x0000000725d00000,0x0000000725d00000,0x0000000727200000)
 ParOldGen       total 349696K, used 32K [0x00000005c1400000, 0x00000005d6980000, 0x0000000715c00000)
  object space 349696K, 0% used [0x00000005c1400000,0x00000005c1408000,0x00000005d6980000)
 Metaspace       used 20542K, capacity 21094K, committed 21296K, reserved 1069056K
  class space    used 2433K, capacity 2591K, committed 2688K, reserved 1048576K
Event: 7.365 GC heap after
Heap after GC invocations=3 (full 0):
 PSYoungGen      total 284672K, used 19421K [0x0000000715c00000, 0x0000000728700000, 0x00000007c0000000)
  eden space 263168K, 0% used [0x0000000715c00000,0x0000000715c00000,0x0000000725d00000)
  from space 21504K, 90% used [0x0000000725d00000,0x0000000726ff74d0,0x0000000727200000)
  to   space 21504K, 0% used [0x0000000727200000,0x0000000727200000,0x0000000728700000)
 ParOldGen       total 349696K, used 40K [0x00000005c1400000, 0x00000005d6980000, 0x0000000715c00000)
  object space 349696K, 0% used [0x00000005c1400000,0x00000005c140a000,0x00000005d6980000)
 Metaspace       used 20542K, capacity 21094K, committed 21296K, reserved 1069056K
  class space    used 2433K, capacity 2591K, committed 2688K, reserved 1048576K
}
Event: 7.365 GC heap before
{Heap before GC invocations=4 (full 1):
 PSYoungGen      total 284672K, used 19421K [0x0000000715c00000, 0x0000000728700000, 0x00000007c0000000)
  eden space 263168K, 0% used [0x0000000715c00000,0x0000000715c00000,0x0000000725d00000)
  from space 21504K, 90% used [0x0000000725d00000,0x0000000726ff74d0,0x0000000727200000)
  to   space 21504K, 0% used [0x0000000727200000,0x0000000727200000,0x0000000728700000)
 ParOldGen       total 349696K, used 40K [0x00000005c1400000, 0x00000005d6980000, 0x0000000715c00000)
  object space 349696K, 0% used [0x00000005c1400000,0x00000005c140a000,0x00000005d6980000)
 Metaspace       used 20542K, capacity 21094K, committed 21296K, reserved 1069056K
  class space    used 2433K, capacity 2591K, committed 2688K, reserved 1048576K
Event: 7.485 GC heap after
Heap after GC invocations=4 (full 1):
 PSYoungGen      total 284672K, used 0K [0x0000000715c00000, 0x0000000728700000, 0x00000007c0000000)
  eden space 263168K, 0% used [0x0000000715c00000,0x0000000715c00000,0x0000000725d00000)
  from space 21504K, 0% used [0x0000000725d00000,0x0000000725d00000,0x0000000727200000)
  to   space 21504K, 0% used [0x0000000727200000,0x0000000727200000,0x0000000728700000)
 ParOldGen       total 223744K, used 19164K [0x00000005c1400000, 0x00000005cee80000, 0x0000000715c00000)
  object space 223744K, 8% used [0x00000005c1400000,0x00000005c26b7300,0x00000005cee80000)
 Metaspace       used 20542K, capacity 21094K, committed 21296K, reserved 1069056K
  class space    used 2433K, capacity 2591K, committed 2688K, reserved 1048576K
}

