# JRE version: OpenJDK Runtime Environment Temurin-21.0.9+10 (21.0.9+10) (build 21.0.9+10-LTS)
# Java VM: OpenJDK 64-Bit Server VM Temurin-21.0.9+10 (21.0.9+10-LTS, mixed mode, sharing, tiered, compressed oops, compressed class ptrs, parallel gc, windows-amd64)
GC Precious Log:
 CardTable entry size: 512
 CPUs: 8 total, 8 available
 Memory: 32683M
 Large Page Support: Disabled
 NUMA Support: Disabled
 Compressed Oops: Enabled (32-bit)
 Alignments: Space 512K, Generation 512K, Heap 2M
 Heap Min Capacity: 100M
 Heap Initial Capacity: 100M
 Heap Max Capacity: 2G
 Pre-touch: Disabled
 Parallel Workers: 8
Heap:
 PSYoungGen      total 11776K, used 8758K [0x00000000d5580000, 0x00000000d6800000, 0x0000000100000000)
  eden space 11264K, 75% used [0x00000000d5580000,0x00000000d5dd5a70,0x00000000d6080000)
  from space 512K, 43% used [0x00000000d6780000,0x00000000d67b8000,0x00000000d6800000)
  to   space 512K, 0% used [0x00000000d6700000,0x00000000d6700000,0x00000000d6780000)
 ParOldGen       total 118272K, used 117891K [0x0000000080000000, 0x0000000087380000, 0x00000000d5580000)
  object space 118272K, 99% used [0x0000000080000000,0x0000000087320ea0,0x0000000087380000)
 Metaspace       used 67934K, committed 69632K, reserved 1114112K
  class space    used 6988K, committed 7744K, reserved 1048576K
GC Heap History (20 events):
Event: 2286.920 GC heap before
{Heap before GC invocations=100 (full 3):
 PSYoungGen      total 11776K, used 11691K [0x00000000d5580000, 0x00000000d6800000, 0x0000000100000000)
  eden space 11264K, 100% used [0x00000000d5580000,0x00000000d6080000,0x00000000d6080000)
  from space 512K, 83% used [0x00000000d6780000,0x00000000d67ead48,0x00000000d6800000)
  to   space 512K, 0% used [0x00000000d6700000,0x00000000d6700000,0x00000000d6780000)
 ParOldGen       total 117760K, used 117501K [0x0000000080000000, 0x0000000087300000, 0x00000000d5580000)
  object space 117760K, 99% used [0x0000000080000000,0x00000000872bf428,0x0000000087300000)
 Metaspace       used 67721K, committed 69376K, reserved 1114112K
  class space    used 6979K, committed 7744K, reserved 1048576K
}
Event: 2286.921 GC heap after
{Heap after GC invocations=100 (full 3):
 PSYoungGen      total 11776K, used 323K [0x00000000d5580000, 0x00000000d6800000, 0x0000000100000000)
  eden space 11264K, 0% used [0x00000000d5580000,0x00000000d5580000,0x00000000d6080000)
  from space 512K, 63% used [0x00000000d6700000,0x00000000d6750f28,0x00000000d6780000)
  to   space 512K, 0% used [0x00000000d6780000,0x00000000d6780000,0x00000000d6800000)
 ParOldGen       total 117760K, used 117595K [0x0000000080000000, 0x0000000087300000, 0x00000000d5580000)
  object space 117760K, 99% used [0x0000000080000000,0x00000000872d6ea0,0x0000000087300000)
 Metaspace       used 67721K, committed 69376K, reserved 1114112K
  class space    used 6979K, committed 7744K, reserved 1048576K
}
Event: 2287.892 GC heap before
{Heap before GC invocations=101 (full 3):
 PSYoungGen      total 11776K, used 11587K [0x00000000d5580000, 0x00000000d6800000, 0x0000000100000000)
  eden space 11264K, 100% used [0x00000000d5580000,0x00000000d6080000,0x00000000d6080000)
  from space 512K, 63% used [0x00000000d6700000,0x00000000d6750f28,0x00000000d6780000)
  to   space 512K, 0% used [0x00000000d6780000,0x00000000d6780000,0x00000000d6800000)
 ParOldGen       total 117760K, used 117595K [0x0000000080000000, 0x0000000087300000, 0x00000000d5580000)
  object space 117760K, 99% used [0x0000000080000000,0x00000000872d6ea0,0x0000000087300000)
 Metaspace       used 67781K, committed 69440K, reserved 1114112K
  class space    used 6983K, committed 7744K, reserved 1048576K
}
Event: 2287.893 GC heap after
{Heap after GC invocations=101 (full 3):
 PSYoungGen      total 11776K, used 256K [0x00000000d5580000, 0x00000000d6800000, 0x0000000100000000)
  eden space 11264K, 0% used [0x00000000d5580000,0x00000000d5580000,0x00000000d6080000)
  from space 512K, 50% used [0x00000000d6780000,0x00000000d67c0000,0x00000000d6800000)
  to   space 512K, 0% used [0x00000000d6700000,0x00000000d6700000,0x00000000d6780000)
 ParOldGen       total 117760K, used 117635K [0x0000000080000000, 0x0000000087300000, 0x00000000d5580000)
  object space 117760K, 99% used [0x0000000080000000,0x00000000872e0ea0,0x0000000087300000)
 Metaspace       used 67781K, committed 69440K, reserved 1114112K
  class space    used 6983K, committed 7744K, reserved 1048576K
}
Event: 2288.018 GC heap before
{Heap before GC invocations=102 (full 3):
 PSYoungGen      total 11776K, used 11519K [0x00000000d5580000, 0x00000000d6800000, 0x0000000100000000)
  eden space 11264K, 99% used [0x00000000d5580000,0x00000000d607ff78,0x00000000d6080000)
  from space 512K, 50% used [0x00000000d6780000,0x00000000d67c0000,0x00000000d6800000)
  to   space 512K, 0% used [0x00000000d6700000,0x00000000d6700000,0x00000000d6780000)
 ParOldGen       total 117760K, used 117635K [0x0000000080000000, 0x0000000087300000, 0x00000000d5580000)
  object space 117760K, 99% used [0x0000000080000000,0x00000000872e0ea0,0x0000000087300000)
 Metaspace       used 67809K, committed 69440K, reserved 1114112K
  class space    used 6983K, committed 7744K, reserved 1048576K
}
Event: 2288.019 GC heap after
{Heap after GC invocations=102 (full 3):
 PSYoungGen      total 11776K, used 259K [0x00000000d5580000, 0x00000000d6800000, 0x0000000100000000)
  eden space 11264K, 0% used [0x00000000d5580000,0x00000000d5580000,0x00000000d6080000)
  from space 512K, 50% used [0x00000000d6700000,0x00000000d6740f28,0x00000000d6780000)
  to   space 512K, 0% used [0x00000000d6780000,0x00000000d6780000,0x00000000d6800000)
 ParOldGen       total 117760K, used 117691K [0x0000000080000000, 0x0000000087300000, 0x00000000d5580000)
  object space 117760K, 99% used [0x0000000080000000,0x00000000872eeea0,0x0000000087300000)
 Metaspace       used 67809K, committed 69440K, reserved 1114112K
  class space    used 6983K, committed 7744K, reserved 1048576K
}
Event: 2288.343 GC heap before
{Heap before GC invocations=103 (full 3):
 PSYoungGen      total 11776K, used 11523K [0x00000000d5580000, 0x00000000d6800000, 0x0000000100000000)
  eden space 11264K, 100% used [0x00000000d5580000,0x00000000d6080000,0x00000000d6080000)
  from space 512K, 50% used [0x00000000d6700000,0x00000000d6740f28,0x00000000d6780000)
  to   space 512K, 0% used [0x00000000d6780000,0x00000000d6780000,0x00000000d6800000)
 ParOldGen       total 117760K, used 117691K [0x0000000080000000, 0x0000000087300000, 0x00000000d5580000)
  object space 117760K, 99% used [0x0000000080000000,0x00000000872eeea0,0x0000000087300000)
 Metaspace       used 67835K, committed 69440K, reserved 1114112K
  class space    used 6986K, committed 7744K, reserved 1048576K
}
Event: 2288.344 GC heap after
{Heap after GC invocations=103 (full 3):
 PSYoungGen      total 11776K, used 387K [0x00000000d5580000, 0x00000000d6800000, 0x0000000100000000)
  eden space 11264K, 0% used [0x00000000d5580000,0x00000000d5580000,0x00000000d6080000)
  from space 512K, 75% used [0x00000000d6780000,0x00000000d67e0f28,0x00000000d6800000)
  to   space 512K, 0% used [0x00000000d6700000,0x00000000d6700000,0x00000000d6780000)
 ParOldGen       total 117760K, used 117723K [0x0000000080000000, 0x0000000087300000, 0x00000000d5580000)
  object space 117760K, 99% used [0x0000000080000000,0x00000000872f6ea0,0x0000000087300000)
 Metaspace       used 67835K, committed 69440K, reserved 1114112K
  class space    used 6986K, committed 7744K, reserved 1048576K
}
Event: 2288.668 GC heap before
{Heap before GC invocations=104 (full 3):
 PSYoungGen      total 11776K, used 11651K [0x00000000d5580000, 0x00000000d6800000, 0x0000000100000000)
  eden space 11264K, 100% used [0x00000000d5580000,0x00000000d6080000,0x00000000d6080000)
  from space 512K, 75% used [0x00000000d6780000,0x00000000d67e0f28,0x00000000d6800000)
  to   space 512K, 0% used [0x00000000d6700000,0x00000000d6700000,0x00000000d6780000)
 ParOldGen       total 117760K, used 117723K [0x0000000080000000, 0x0000000087300000, 0x00000000d5580000)
  object space 117760K, 99% used [0x0000000080000000,0x00000000872f6ea0,0x0000000087300000)
 Metaspace       used 67851K, committed 69504K, reserved 1114112K
  class space    used 6986K, committed 7744K, reserved 1048576K
}
Event: 2288.669 GC heap after
{Heap after GC invocations=104 (full 3):
 PSYoungGen      total 11776K, used 259K [0x00000000d5580000, 0x00000000d6800000, 0x0000000100000000)
  eden space 11264K, 0% used [0x00000000d5580000,0x00000000d5580000,0x00000000d6080000)
  from space 512K, 50% used [0x00000000d6700000,0x00000000d6740f28,0x00000000d6780000)
  to   space 512K, 0% used [0x00000000d6780000,0x00000000d6780000,0x00000000d6800000)
 ParOldGen       total 118272K, used 117763K [0x0000000080000000, 0x0000000087380000, 0x00000000d5580000)
  object space 118272K, 99% used [0x0000000080000000,0x0000000087300ea0,0x0000000087380000)
 Metaspace       used 67851K, committed 69504K, reserved 1114112K
  class space    used 6986K, committed 7744K, reserved 1048576K
}
Event: 2289.348 GC heap before
{Heap before GC invocations=105 (full 3):
 PSYoungGen      total 11776K, used 11523K [0x00000000d5580000, 0x00000000d6800000, 0x0000000100000000)
  eden space 11264K, 100% used [0x00000000d5580000,0x00000000d6080000,0x00000000d6080000)
  from space 512K, 50% used [0x00000000d6700000,0x00000000d6740f28,0x00000000d6780000)
  to   space 512K, 0% used [0x00000000d6780000,0x00000000d6780000,0x00000000d6800000)
 ParOldGen       total 118272K, used 117763K [0x0000000080000000, 0x0000000087380000, 0x00000000d5580000)
  object space 118272K, 99% used [0x0000000080000000,0x0000000087300ea0,0x0000000087380000)
 Metaspace       used 67856K, committed 69504K, reserved 1114112K
  class space    used 6986K, committed 7744K, reserved 1048576K
}
Event: 2289.349 GC heap after
{Heap after GC invocations=105 (full 3):
 PSYoungGen      total 11776K, used 419K [0x00000000d5580000, 0x00000000d6800000, 0x0000000100000000)
  eden space 11264K, 0% used [0x00000000d5580000,0x00000000d5580000,0x00000000d6080000)
  from space 512K, 81% used [0x00000000d6780000,0x00000000d67e8f28,0x00000000d6800000)
  to   space 512K, 0% used [0x00000000d6700000,0x00000000d6700000,0x00000000d6780000)
 ParOldGen       total 118272K, used 117795K [0x0000000080000000, 0x0000000087380000, 0x00000000d5580000)
  object space 118272K, 99% used [0x0000000080000000,0x0000000087308ea0,0x0000000087380000)
 Metaspace       used 67856K, committed 69504K, reserved 1114112K
  class space    used 6986K, committed 7744K, reserved 1048576K
}
Event: 2289.586 GC heap before
{Heap before GC invocations=106 (full 3):
 PSYoungGen      total 11776K, used 11683K [0x00000000d5580000, 0x00000000d6800000, 0x0000000100000000)
  eden space 11264K, 100% used [0x00000000d5580000,0x00000000d6080000,0x00000000d6080000)
  from space 512K, 81% used [0x00000000d6780000,0x00000000d67e8f28,0x00000000d6800000)
  to   space 512K, 0% used [0x00000000d6700000,0x00000000d6700000,0x00000000d6780000)
 ParOldGen       total 118272K, used 117795K [0x0000000080000000, 0x0000000087380000, 0x00000000d5580000)
  object space 118272K, 99% used [0x0000000080000000,0x0000000087308ea0,0x0000000087380000)
 Metaspace       used 67884K, committed 69568K, reserved 1114112K
  class space    used 6986K, committed 7744K, reserved 1048576K
}
Event: 2289.587 GC heap after
{Heap after GC invocations=106 (full 3):
 PSYoungGen      total 11776K, used 438K [0x00000000d5580000, 0x00000000d6800000, 0x0000000100000000)
  eden space 11264K, 0% used [0x00000000d5580000,0x00000000d5580000,0x00000000d6080000)
  from space 512K, 85% used [0x00000000d6700000,0x00000000d676da78,0x00000000d6780000)
  to   space 512K, 0% used [0x00000000d6780000,0x00000000d6780000,0x00000000d6800000)
 ParOldGen       total 118272K, used 117803K [0x0000000080000000, 0x0000000087380000, 0x00000000d5580000)
  object space 118272K, 99% used [0x0000000080000000,0x000000008730aea0,0x0000000087380000)
 Metaspace       used 67884K, committed 69568K, reserved 1114112K
  class space    used 6986K, committed 7744K, reserved 1048576K
}
Event: 2289.830 GC heap before
{Heap before GC invocations=107 (full 3):
 PSYoungGen      total 11776K, used 11702K [0x00000000d5580000, 0x00000000d6800000, 0x0000000100000000)
  eden space 11264K, 100% used [0x00000000d5580000,0x00000000d6080000,0x00000000d6080000)
  from space 512K, 85% used [0x00000000d6700000,0x00000000d676da78,0x00000000d6780000)
  to   space 512K, 0% used [0x00000000d6780000,0x00000000d6780000,0x00000000d6800000)
 ParOldGen       total 118272K, used 117803K [0x0000000080000000, 0x0000000087380000, 0x00000000d5580000)
  object space 118272K, 99% used [0x0000000080000000,0x000000008730aea0,0x0000000087380000)
 Metaspace       used 67899K, committed 69568K, reserved 1114112K
  class space    used 6988K, committed 7744K, reserved 1048576K
}
Event: 2289.831 GC heap after
{Heap after GC invocations=107 (full 3):
 PSYoungGen      total 11776K, used 291K [0x00000000d5580000, 0x00000000d6800000, 0x0000000100000000)
  eden space 11264K, 0% used [0x00000000d5580000,0x00000000d5580000,0x00000000d6080000)
  from space 512K, 56% used [0x00000000d6780000,0x00000000d67c8f28,0x00000000d6800000)
  to   space 512K, 0% used [0x00000000d6700000,0x00000000d6700000,0x00000000d6780000)
 ParOldGen       total 118272K, used 117819K [0x0000000080000000, 0x0000000087380000, 0x00000000d5580000)
  object space 118272K, 99% used [0x0000000080000000,0x000000008730eea0,0x0000000087380000)
 Metaspace       used 67899K, committed 69568K, reserved 1114112K
  class space    used 6988K, committed 7744K, reserved 1048576K
}
Event: 2290.120 GC heap before
{Heap before GC invocations=108 (full 3):
 PSYoungGen      total 11776K, used 11555K [0x00000000d5580000, 0x00000000d6800000, 0x0000000100000000)
  eden space 11264K, 100% used [0x00000000d5580000,0x00000000d6080000,0x00000000d6080000)
  from space 512K, 56% used [0x00000000d6780000,0x00000000d67c8f28,0x00000000d6800000)
  to   space 512K, 0% used [0x00000000d6700000,0x00000000d6700000,0x00000000d6780000)
 ParOldGen       total 118272K, used 117819K [0x0000000080000000, 0x0000000087380000, 0x00000000d5580000)
  object space 118272K, 99% used [0x0000000080000000,0x000000008730eea0,0x0000000087380000)
 Metaspace       used 67916K, committed 69568K, reserved 1114112K
  class space    used 6988K, committed 7744K, reserved 1048576K
}
Event: 2290.121 GC heap after
{Heap after GC invocations=108 (full 3):
 PSYoungGen      total 11776K, used 378K [0x00000000d5580000, 0x00000000d6800000, 0x0000000100000000)
  eden space 11264K, 0% used [0x00000000d5580000,0x00000000d5580000,0x00000000d6080000)
  from space 512K, 73% used [0x00000000d6700000,0x00000000d675e9a0,0x00000000d6780000)
  to   space 512K, 0% used [0x00000000d6780000,0x00000000d6780000,0x00000000d6800000)
 ParOldGen       total 118272K, used 117851K [0x0000000080000000, 0x0000000087380000, 0x00000000d5580000)
  object space 118272K, 99% used [0x0000000080000000,0x0000000087316ea0,0x0000000087380000)
 Metaspace       used 67916K, committed 69568K, reserved 1114112K
  class space    used 6988K, committed 7744K, reserved 1048576K
}
Event: 2290.578 GC heap before
{Heap before GC invocations=109 (full 3):
 PSYoungGen      total 11776K, used 11642K [0x00000000d5580000, 0x00000000d6800000, 0x0000000100000000)
  eden space 11264K, 100% used [0x00000000d5580000,0x00000000d6080000,0x00000000d6080000)
  from space 512K, 73% used [0x00000000d6700000,0x00000000d675e9a0,0x00000000d6780000)
  to   space 512K, 0% used [0x00000000d6780000,0x00000000d6780000,0x00000000d6800000)
 ParOldGen       total 118272K, used 117851K [0x0000000080000000, 0x0000000087380000, 0x00000000d5580000)
  object space 118272K, 99% used [0x0000000080000000,0x0000000087316ea0,0x0000000087380000)
 Metaspace       used 67918K, committed 69568K, reserved 1114112K
  class space    used 6988K, committed 7744K, reserved 1048576K
}
Event: 2290.579 GC heap after
{Heap after GC invocations=109 (full 3):
 PSYoungGen      total 11776K, used 224K [0x00000000d5580000, 0x00000000d6800000, 0x0000000100000000)
  eden space 11264K, 0% used [0x00000000d5580000,0x00000000d5580000,0x00000000d6080000)
  from space 512K, 43% used [0x00000000d6780000,0x00000000d67b8000,0x00000000d6800000)
  to   space 512K, 0% used [0x00000000d6700000,0x00000000d6700000,0x00000000d6780000)
 ParOldGen       total 118272K, used 117891K [0x0000000080000000, 0x0000000087380000, 0x00000000d5580000)
  object space 118272K, 99% used [0x0000000080000000,0x0000000087320ea0,0x0000000087380000)
 Metaspace       used 67918K, committed 69568K, reserved 1114112K
  class space    used 6988K, committed 7744K, reserved 1048576K
}

