<?xml version="1.0" encoding="UTF-8"?>
<testsuite xmlns:xsi="http://www.w3.org/2001/XMLSchema-instance" xsi:noNamespaceSchemaLocation="https://maven.apache.org/surefire/maven-surefire-plugin/xsd/surefire-test-report.xsd" name="net.ooder.skillcenter.storage.StorageServiceTest" time="0.234" tests="5" errors="0" skipped="0" failures="0">
  <properties>
[...]
</properties>
  <testcase name="testJsonStorageService" classname="net.ooder.skillcenter.storage.StorageServiceTest" time="0.216"/>
  <testcase name="testDefaultStorage" classname="net.ooder.skillcenter.storage.StorageServiceTest" time="0.002"/>
  <testcase name="testBatchOperations" classname="net.ooder.skillcenter.storage.StorageServiceTest" time="0.001"/>
  <testcase name="testStorageTypeSwitching" classname="net.ooder.skillcenter.storage.StorageServiceTest" time="0.001"/>
  <testcase name="testVFSStorageService" classname="net.ooder.skillcenter.storage.StorageServiceTest" time="0.001"/>
</testsuite>